2020-09-09 16:06:26,913 - Trying to use logger class org.apache.velocity.runtime.log.SimpleLog4JLogSystem
2020-09-09 16:06:26,913 - Using logger class org.apache.velocity.runtime.log.SimpleLog4JLogSystem
2020-09-09 16:06:26,916 - Default ResourceManager initializing. (class org.apache.velocity.runtime.resource.ResourceManagerImpl)
2020-09-09 16:06:26,925 - Resource Loader Instantiated: org.apache.velocity.runtime.resource.loader.ClasspathResourceLoader
2020-09-09 16:06:26,925 - ClasspathResourceLoader : initialization starting.
2020-09-09 16:06:26,925 - ClasspathResourceLoader : initialization complete.
2020-09-09 16:06:26,926 - ResourceCache : initialized. (class org.apache.velocity.runtime.resource.ResourceCacheImpl)
2020-09-09 16:06:26,926 - Default ResourceManager initialization complete.
2020-09-09 16:06:26,928 - Loaded System Directive: org.apache.velocity.runtime.directive.Literal
2020-09-09 16:06:26,930 - Loaded System Directive: org.apache.velocity.runtime.directive.Macro
2020-09-09 16:06:26,932 - Loaded System Directive: org.apache.velocity.runtime.directive.Parse
2020-09-09 16:06:26,933 - Loaded System Directive: org.apache.velocity.runtime.directive.Include
2020-09-09 16:06:26,934 - Loaded System Directive: org.apache.velocity.runtime.directive.Foreach
2020-09-09 16:06:26,960 - Created: 20 parsers.
2020-09-09 16:06:26,964 - Velocimacro : initialization starting.
2020-09-09 16:06:26,964 - Velocimacro : adding VMs from VM library template : VM_global_library.vm
2020-09-09 16:06:26,966 - ResourceManager : unable to find resource 'VM_global_library.vm' in any resource loader.
2020-09-09 16:06:26,966 - Velocimacro : error using  VM library template VM_global_library.vm : org.apache.velocity.exception.ResourceNotFoundException: Unable to find resource 'VM_global_library.vm'
2020-09-09 16:06:26,967 - Velocimacro :  VM library template macro registration complete.
2020-09-09 16:06:26,967 - Velocimacro : allowInline = true : VMs can be defined inline in templates
2020-09-09 16:06:26,967 - Velocimacro : allowInlineToOverride = false : VMs defined inline may NOT replace previous VM definitions
2020-09-09 16:06:26,967 - Velocimacro : allowInlineLocal = false : VMs defined inline will be  global in scope if allowed.
2020-09-09 16:06:26,967 - Velocimacro : messages on  : VM system will output logging messages
2020-09-09 16:06:26,967 - Velocimacro : autoload off  : VM system will not automatically reload global library macros
2020-09-09 16:06:26,967 - Velocimacro : initialization complete.
2020-09-09 16:06:26,967 - Velocity successfully started.
2020-09-09 16:08:21,521 - SimpleLog4JLogSystem initialized using logfile 'velocity.log'
2020-09-09 16:08:21,521 - ************************************************************** 
2020-09-09 16:08:21,521 - Starting Jakarta Velocity v1.4
2020-09-09 16:08:21,521 - RuntimeInstance initializing.
2020-09-09 16:08:21,521 - Default Properties File: org/apache/velocity/runtime/defaults/velocity.properties
2020-09-09 16:08:21,521 - Trying to use logger class org.apache.velocity.runtime.log.SimpleLog4JLogSystem
2020-09-09 16:08:21,521 - Using logger class org.apache.velocity.runtime.log.SimpleLog4JLogSystem
2020-09-09 16:08:21,524 - Default ResourceManager initializing. (class org.apache.velocity.runtime.resource.ResourceManagerImpl)
2020-09-09 16:08:21,527 - Resource Loader Instantiated: org.apache.velocity.runtime.resource.loader.ClasspathResourceLoader
2020-09-09 16:08:21,528 - ClasspathResourceLoader : initialization starting.
2020-09-09 16:08:21,528 - ClasspathResourceLoader : initialization complete.
2020-09-09 16:08:21,535 - ResourceCache : initialized. (class org.apache.velocity.runtime.resource.ResourceCacheImpl)
2020-09-09 16:08:21,535 - Default ResourceManager initialization complete.
2020-09-09 16:08:21,536 - Loaded System Directive: org.apache.velocity.runtime.directive.Literal
2020-09-09 16:08:21,538 - Loaded System Directive: org.apache.velocity.runtime.directive.Macro
2020-09-09 16:08:21,540 - Loaded System Directive: org.apache.velocity.runtime.directive.Parse
2020-09-09 16:08:21,541 - Loaded System Directive: org.apache.velocity.runtime.directive.Include
2020-09-09 16:08:21,542 - Loaded System Directive: org.apache.velocity.runtime.directive.Foreach
2020-09-09 16:08:21,566 - Created: 20 parsers.
2020-09-09 16:08:21,569 - Velocimacro : initialization starting.
2020-09-09 16:08:21,569 - Velocimacro : adding VMs from VM library template : VM_global_library.vm
2020-09-09 16:08:21,571 - ResourceManager : unable to find resource 'VM_global_library.vm' in any resource loader.
2020-09-09 16:08:21,571 - Velocimacro : error using  VM library template VM_global_library.vm : org.apache.velocity.exception.ResourceNotFoundException: Unable to find resource 'VM_global_library.vm'
2020-09-09 16:08:21,571 - Velocimacro :  VM library template macro registration complete.
2020-09-09 16:08:21,571 - Velocimacro : allowInline = true : VMs can be defined inline in templates
2020-09-09 16:08:21,571 - Velocimacro : allowInlineToOverride = false : VMs defined inline may NOT replace previous VM definitions
2020-09-09 16:08:21,571 - Velocimacro : allowInlineLocal = false : VMs defined inline will be  global in scope if allowed.
2020-09-09 16:08:21,571 - Velocimacro : messages on  : VM system will output logging messages
2020-09-09 16:08:21,571 - Velocimacro : autoload off  : VM system will not automatically reload global library macros
2020-09-09 16:08:21,571 - Velocimacro : initialization complete.
2020-09-09 16:08:21,571 - Velocity successfully started.
2020-09-10 09:24:00,160 - SimpleLog4JLogSystem initialized using logfile 'velocity.log'
2020-09-10 09:24:00,161 - ************************************************************** 
2020-09-10 09:24:00,162 - Starting Jakarta Velocity v1.4
2020-09-10 09:24:00,162 - RuntimeInstance initializing.
2020-09-10 09:24:00,162 - Default Properties File: org/apache/velocity/runtime/defaults/velocity.properties
2020-09-10 09:24:00,162 - Trying to use logger class org.apache.velocity.runtime.log.SimpleLog4JLogSystem
2020-09-10 09:24:00,162 - Using logger class org.apache.velocity.runtime.log.SimpleLog4JLogSystem
2020-09-10 09:24:00,165 - Default ResourceManager initializing. (class org.apache.velocity.runtime.resource.ResourceManagerImpl)
2020-09-10 09:24:00,169 - Resource Loader Instantiated: org.apache.velocity.runtime.resource.loader.ClasspathResourceLoader
2020-09-10 09:24:00,169 - ClasspathResourceLoader : initialization starting.
2020-09-10 09:24:00,169 - ClasspathResourceLoader : initialization complete.
2020-09-10 09:24:00,177 - ResourceCache : initialized. (class org.apache.velocity.runtime.resource.ResourceCacheImpl)
2020-09-10 09:24:00,178 - Default ResourceManager initialization complete.
2020-09-10 09:24:00,180 - Loaded System Directive: org.apache.velocity.runtime.directive.Literal
2020-09-10 09:24:00,182 - Loaded System Directive: org.apache.velocity.runtime.directive.Macro
2020-09-10 09:24:00,184 - Loaded System Directive: org.apache.velocity.runtime.directive.Parse
2020-09-10 09:24:00,187 - Loaded System Directive: org.apache.velocity.runtime.directive.Include
2020-09-10 09:24:00,188 - Loaded System Directive: org.apache.velocity.runtime.directive.Foreach
2020-09-10 09:24:00,217 - Created: 20 parsers.
2020-09-10 09:24:00,223 - Velocimacro : initialization starting.
2020-09-10 09:24:00,223 - Velocimacro : adding VMs from VM library template : VM_global_library.vm
2020-09-10 09:24:00,225 - ResourceManager : unable to find resource 'VM_global_library.vm' in any resource loader.
2020-09-10 09:24:00,225 - Velocimacro : error using  VM library template VM_global_library.vm : org.apache.velocity.exception.ResourceNotFoundException: Unable to find resource 'VM_global_library.vm'
2020-09-10 09:24:00,225 - Velocimacro :  VM library template macro registration complete.
2020-09-10 09:24:00,225 - Velocimacro : allowInline = true : VMs can be defined inline in templates
2020-09-10 09:24:00,225 - Velocimacro : allowInlineToOverride = false : VMs defined inline may NOT replace previous VM definitions
2020-09-10 09:24:00,225 - Velocimacro : allowInlineLocal = false : VMs defined inline will be  global in scope if allowed.
2020-09-10 09:24:00,225 - Velocimacro : messages on  : VM system will output logging messages
2020-09-10 09:24:00,225 - Velocimacro : autoload off  : VM system will not automatically reload global library macros
2020-09-10 09:24:00,225 - Velocimacro : initialization complete.
2020-09-10 09:24:00,225 - Velocity successfully started.
2020-09-10 09:28:42,192 - SimpleLog4JLogSystem initialized using logfile 'velocity.log'
2020-09-10 09:28:42,193 - ************************************************************** 
2020-09-10 09:28:42,193 - Starting Jakarta Velocity v1.4
2020-09-10 09:28:42,193 - RuntimeInstance initializing.
2020-09-10 09:28:42,193 - Default Properties File: org/apache/velocity/runtime/defaults/velocity.properties
2020-09-10 09:28:42,193 - Trying to use logger class org.apache.velocity.runtime.log.SimpleLog4JLogSystem
2020-09-10 09:28:42,193 - Using logger class org.apache.velocity.runtime.log.SimpleLog4JLogSystem
2020-09-10 09:28:42,203 - Default ResourceManager initializing. (class org.apache.velocity.runtime.resource.ResourceManagerImpl)
2020-09-10 09:28:42,205 - Resource Loader Instantiated: org.apache.velocity.runtime.resource.loader.ClasspathResourceLoader
2020-09-10 09:28:42,205 - ClasspathResourceLoader : initialization starting.
2020-09-10 09:28:42,205 - ClasspathResourceLoader : initialization complete.
2020-09-10 09:28:42,206 - ResourceCache : initialized. (class org.apache.velocity.runtime.resource.ResourceCacheImpl)
2020-09-10 09:28:42,206 - Default ResourceManager initialization complete.
2020-09-10 09:28:42,207 - Loaded System Directive: org.apache.velocity.runtime.directive.Literal
2020-09-10 09:28:42,209 - Loaded System Directive: org.apache.velocity.runtime.directive.Macro
2020-09-10 09:28:42,213 - Loaded System Directive: org.apache.velocity.runtime.directive.Parse
2020-09-10 09:28:42,215 - Loaded System Directive: org.apache.velocity.runtime.directive.Include
2020-09-10 09:28:42,216 - Loaded System Directive: org.apache.velocity.runtime.directive.Foreach
2020-09-10 09:28:42,259 - Created: 20 parsers.
2020-09-10 09:28:42,267 - Velocimacro : initialization starting.
2020-09-10 09:28:42,267 - Velocimacro : adding VMs from VM library template : VM_global_library.vm
2020-09-10 09:28:42,270 - ResourceManager : unable to find resource 'VM_global_library.vm' in any resource loader.
2020-09-10 09:28:42,270 - Velocimacro : error using  VM library template VM_global_library.vm : org.apache.velocity.exception.ResourceNotFoundException: Unable to find resource 'VM_global_library.vm'
2020-09-10 09:28:42,270 - Velocimacro :  VM library template macro registration complete.
2020-09-10 09:28:42,270 - Velocimacro : allowInline = true : VMs can be defined inline in templates
2020-09-10 09:28:42,270 - Velocimacro : allowInlineToOverride = false : VMs defined inline may NOT replace previous VM definitions
2020-09-10 09:28:42,270 - Velocimacro : allowInlineLocal = false : VMs defined inline will be  global in scope if allowed.
2020-09-10 09:28:42,270 - Velocimacro : messages on  : VM system will output logging messages
2020-09-10 09:28:42,270 - Velocimacro : autoload off  : VM system will not automatically reload global library macros
2020-09-10 09:28:42,270 - Velocimacro : initialization complete.
2020-09-10 09:28:42,270 - Velocity successfully started.
2020-09-10 09:34:31,074 - SimpleLog4JLogSystem initialized using logfile 'velocity.log'
2020-09-10 09:34:31,076 - ************************************************************** 
2020-09-10 09:34:31,076 - Starting Jakarta Velocity v1.4
2020-09-10 09:34:31,076 - RuntimeInstance initializing.
2020-09-10 09:34:31,076 - Default Properties File: org/apache/velocity/runtime/defaults/velocity.properties
2020-09-10 09:34:31,076 - Trying to use logger class org.apache.velocity.runtime.log.SimpleLog4JLogSystem
2020-09-10 09:34:31,076 - Using logger class org.apache.velocity.runtime.log.SimpleLog4JLogSystem
2020-09-10 09:34:31,079 - Default ResourceManager initializing. (class org.apache.velocity.runtime.resource.ResourceManagerImpl)
2020-09-10 09:34:31,089 - Resource Loader Instantiated: org.apache.velocity.runtime.resource.loader.ClasspathResourceLoader
2020-09-10 09:34:31,089 - ClasspathResourceLoader : initialization starting.
2020-09-10 09:34:31,089 - ClasspathResourceLoader : initialization complete.
2020-09-10 09:34:31,090 - ResourceCache : initialized. (class org.apache.velocity.runtime.resource.ResourceCacheImpl)
2020-09-10 09:34:31,090 - Default ResourceManager initialization complete.
2020-09-10 09:34:31,091 - Loaded System Directive: org.apache.velocity.runtime.directive.Literal
2020-09-10 09:34:31,094 - Loaded System Directive: org.apache.velocity.runtime.directive.Macro
2020-09-10 09:34:31,096 - Loaded System Directive: org.apache.velocity.runtime.directive.Parse
2020-09-10 09:34:31,097 - Loaded System Directive: org.apache.velocity.runtime.directive.Include
2020-09-10 09:34:31,098 - Loaded System Directive: org.apache.velocity.runtime.directive.Foreach
2020-09-10 09:34:31,122 - Created: 20 parsers.
2020-09-10 09:34:31,126 - Velocimacro : initialization starting.
2020-09-10 09:34:31,126 - Velocimacro : adding VMs from VM library template : VM_global_library.vm
2020-09-10 09:34:31,128 - ResourceManager : unable to find resource 'VM_global_library.vm' in any resource loader.
2020-09-10 09:34:31,128 - Velocimacro : error using  VM library template VM_global_library.vm : org.apache.velocity.exception.ResourceNotFoundException: Unable to find resource 'VM_global_library.vm'
2020-09-10 09:34:31,128 - Velocimacro :  VM library template macro registration complete.
2020-09-10 09:34:31,128 - Velocimacro : allowInline = true : VMs can be defined inline in templates
2020-09-10 09:34:31,128 - Velocimacro : allowInlineToOverride = false : VMs defined inline may NOT replace previous VM definitions
2020-09-10 09:34:31,128 - Velocimacro : allowInlineLocal = false : VMs defined inline will be  global in scope if allowed.
2020-09-10 09:34:31,128 - Velocimacro : messages on  : VM system will output logging messages
2020-09-10 09:34:31,128 - Velocimacro : autoload off  : VM system will not automatically reload global library macros
2020-09-10 09:34:31,128 - Velocimacro : initialization complete.
2020-09-10 09:34:31,128 - Velocity successfully started.
2020-09-10 09:38:57,799 - SimpleLog4JLogSystem initialized using logfile 'velocity.log'
2020-09-10 09:38:57,801 - ************************************************************** 
2020-09-10 09:38:57,801 - Starting Jakarta Velocity v1.4
2020-09-10 09:38:57,801 - RuntimeInstance initializing.
2020-09-10 09:38:57,801 - Default Properties File: org/apache/velocity/runtime/defaults/velocity.properties
2020-09-10 09:38:57,801 - Trying to use logger class org.apache.velocity.runtime.log.SimpleLog4JLogSystem
2020-09-10 09:38:57,801 - Using logger class org.apache.velocity.runtime.log.SimpleLog4JLogSystem
2020-09-10 09:38:57,805 - Default ResourceManager initializing. (class org.apache.velocity.runtime.resource.ResourceManagerImpl)
2020-09-10 09:38:57,815 - Resource Loader Instantiated: org.apache.velocity.runtime.resource.loader.ClasspathResourceLoader
2020-09-10 09:38:57,815 - ClasspathResourceLoader : initialization starting.
2020-09-10 09:38:57,815 - ClasspathResourceLoader : initialization complete.
2020-09-10 09:38:57,816 - ResourceCache : initialized. (class org.apache.velocity.runtime.resource.ResourceCacheImpl)
2020-09-10 09:38:57,816 - Default ResourceManager initialization complete.
2020-09-10 09:38:57,817 - Loaded System Directive: org.apache.velocity.runtime.directive.Literal
2020-09-10 09:38:57,819 - Loaded System Directive: org.apache.velocity.runtime.directive.Macro
2020-09-10 09:38:57,820 - Loaded System Directive: org.apache.velocity.runtime.directive.Parse
2020-09-10 09:38:57,821 - Loaded System Directive: org.apache.velocity.runtime.directive.Include
2020-09-10 09:38:57,822 - Loaded System Directive: org.apache.velocity.runtime.directive.Foreach
2020-09-10 09:38:57,847 - Created: 20 parsers.
2020-09-10 09:38:57,851 - Velocimacro : initialization starting.
2020-09-10 09:38:57,852 - Velocimacro : adding VMs from VM library template : VM_global_library.vm
2020-09-10 09:38:57,853 - ResourceManager : unable to find resource 'VM_global_library.vm' in any resource loader.
2020-09-10 09:38:57,853 - Velocimacro : error using  VM library template VM_global_library.vm : org.apache.velocity.exception.ResourceNotFoundException: Unable to find resource 'VM_global_library.vm'
2020-09-10 09:38:57,854 - Velocimacro :  VM library template macro registration complete.
2020-09-10 09:38:57,854 - Velocimacro : allowInline = true : VMs can be defined inline in templates
2020-09-10 09:38:57,854 - Velocimacro : allowInlineToOverride = false : VMs defined inline may NOT replace previous VM definitions
2020-09-10 09:38:57,854 - Velocimacro : allowInlineLocal = false : VMs defined inline will be  global in scope if allowed.
2020-09-10 09:38:57,854 - Velocimacro : messages on  : VM system will output logging messages
2020-09-10 09:38:57,854 - Velocimacro : autoload off  : VM system will not automatically reload global library macros
2020-09-10 09:38:57,854 - Velocimacro : initialization complete.
2020-09-10 09:38:57,854 - Velocity successfully started.
2020-09-11 08:59:56,248 - SimpleLog4JLogSystem initialized using logfile 'velocity.log'
2020-09-11 08:59:56,260 - ************************************************************** 
2020-09-11 08:59:56,260 - Starting Jakarta Velocity v1.4
2020-09-11 08:59:56,260 - RuntimeInstance initializing.
2020-09-11 08:59:56,260 - Default Properties File: org\apache\velocity\runtime\defaults\velocity.properties
2020-09-11 08:59:56,260 - Trying to use logger class org.apache.velocity.runtime.log.SimpleLog4JLogSystem
2020-09-11 08:59:56,260 - Using logger class org.apache.velocity.runtime.log.SimpleLog4JLogSystem
2020-09-11 08:59:56,263 - Default ResourceManager initializing. (class org.apache.velocity.runtime.resource.ResourceManagerImpl)
2020-09-11 08:59:56,265 - Resource Loader Instantiated: org.apache.velocity.runtime.resource.loader.ClasspathResourceLoader
2020-09-11 08:59:56,265 - ClasspathResourceLoader : initialization starting.
2020-09-11 08:59:56,265 - ClasspathResourceLoader : initialization complete.
2020-09-11 08:59:56,266 - ResourceCache : initialized. (class org.apache.velocity.runtime.resource.ResourceCacheImpl)
2020-09-11 08:59:56,266 - Default ResourceManager initialization complete.
2020-09-11 08:59:56,267 - Loaded System Directive: org.apache.velocity.runtime.directive.Literal
2020-09-11 08:59:56,268 - Loaded System Directive: org.apache.velocity.runtime.directive.Macro
2020-09-11 08:59:56,269 - Loaded System Directive: org.apache.velocity.runtime.directive.Parse
2020-09-11 08:59:56,271 - Loaded System Directive: org.apache.velocity.runtime.directive.Include
2020-09-11 08:59:56,271 - Loaded System Directive: org.apache.velocity.runtime.directive.Foreach
2020-09-11 08:59:56,290 - Created: 20 parsers.
2020-09-11 08:59:56,294 - Velocimacro : initialization starting.
2020-09-11 08:59:56,294 - Velocimacro : adding VMs from VM library template : VM_global_library.vm
2020-09-11 08:59:56,296 - ResourceManager : unable to find resource 'VM_global_library.vm' in any resource loader.
2020-09-11 08:59:56,296 - Velocimacro : error using  VM library template VM_global_library.vm : org.apache.velocity.exception.ResourceNotFoundException: Unable to find resource 'VM_global_library.vm'
2020-09-11 08:59:56,296 - Velocimacro :  VM library template macro registration complete.
2020-09-11 08:59:56,296 - Velocimacro : allowInline = true : VMs can be defined inline in templates
2020-09-11 08:59:56,296 - Velocimacro : allowInlineToOverride = false : VMs defined inline may NOT replace previous VM definitions
2020-09-11 08:59:56,296 - Velocimacro : allowInlineLocal = false : VMs defined inline will be  global in scope if allowed.
2020-09-11 08:59:56,297 - Velocimacro : messages on  : VM system will output logging messages
2020-09-11 08:59:56,297 - Velocimacro : autoload off  : VM system will not automatically reload global library macros
2020-09-11 08:59:56,297 - Velocimacro : initialization complete.
2020-09-11 08:59:56,297 - Velocity successfully started.
2020-11-02 15:00:35,672 - SimpleLog4JLogSystem initialized using logfile 'velocity.log'
2020-11-02 15:00:35,684 - ************************************************************** 
2020-11-02 15:00:35,684 - Starting Jakarta Velocity v1.4
2020-11-02 15:00:35,684 - RuntimeInstance initializing.
2020-11-02 15:00:35,684 - Default Properties File: org\apache\velocity\runtime\defaults\velocity.properties
2020-11-02 15:00:35,684 - Trying to use logger class org.apache.velocity.runtime.log.SimpleLog4JLogSystem
2020-11-02 15:00:35,684 - Using logger class org.apache.velocity.runtime.log.SimpleLog4JLogSystem
2020-11-02 15:00:35,687 - Default ResourceManager initializing. (class org.apache.velocity.runtime.resource.ResourceManagerImpl)
2020-11-02 15:00:35,689 - Resource Loader Instantiated: org.apache.velocity.runtime.resource.loader.ClasspathResourceLoader
2020-11-02 15:00:35,689 - ClasspathResourceLoader : initialization starting.
2020-11-02 15:00:35,689 - ClasspathResourceLoader : initialization complete.
2020-11-02 15:00:35,690 - ResourceCache : initialized. (class org.apache.velocity.runtime.resource.ResourceCacheImpl)
2020-11-02 15:00:35,690 - Default ResourceManager initialization complete.
2020-11-02 15:00:35,691 - Loaded System Directive: org.apache.velocity.runtime.directive.Literal
2020-11-02 15:00:35,692 - Loaded System Directive: org.apache.velocity.runtime.directive.Macro
2020-11-02 15:00:35,694 - Loaded System Directive: org.apache.velocity.runtime.directive.Parse
2020-11-02 15:00:35,695 - Loaded System Directive: org.apache.velocity.runtime.directive.Include
2020-11-02 15:00:35,695 - Loaded System Directive: org.apache.velocity.runtime.directive.Foreach
2020-11-02 15:00:35,717 - Created: 20 parsers.
2020-11-02 15:00:35,722 - Velocimacro : initialization starting.
2020-11-02 15:00:35,722 - Velocimacro : adding VMs from VM library template : VM_global_library.vm
2020-11-02 15:00:35,724 - ResourceManager : unable to find resource 'VM_global_library.vm' in any resource loader.
2020-11-02 15:00:35,724 - Velocimacro : error using  VM library template VM_global_library.vm : org.apache.velocity.exception.ResourceNotFoundException: Unable to find resource 'VM_global_library.vm'
2020-11-02 15:00:35,724 - Velocimacro :  VM library template macro registration complete.
2020-11-02 15:00:35,724 - Velocimacro : allowInline = true : VMs can be defined inline in templates
2020-11-02 15:00:35,724 - Velocimacro : allowInlineToOverride = false : VMs defined inline may NOT replace previous VM definitions
2020-11-02 15:00:35,724 - Velocimacro : allowInlineLocal = false : VMs defined inline will be  global in scope if allowed.
2020-11-02 15:00:35,724 - Velocimacro : messages on  : VM system will output logging messages
2020-11-02 15:00:35,724 - Velocimacro : autoload off  : VM system will not automatically reload global library macros
2020-11-02 15:00:35,724 - Velocimacro : initialization complete.
2020-11-02 15:00:35,724 - Velocity successfully started.
2020-11-02 15:41:12,960 - SimpleLog4JLogSystem initialized using logfile 'velocity.log'
2020-11-02 15:41:12,960 - ************************************************************** 
2020-11-02 15:41:12,960 - Starting Jakarta Velocity v1.4
2020-11-02 15:41:12,960 - RuntimeInstance initializing.
2020-11-02 15:41:12,960 - Default Properties File: org\apache\velocity\runtime\defaults\velocity.properties
2020-11-02 15:41:12,960 - Trying to use logger class org.apache.velocity.runtime.log.SimpleLog4JLogSystem
2020-11-02 15:41:12,960 - Using logger class org.apache.velocity.runtime.log.SimpleLog4JLogSystem
2020-11-02 15:41:12,962 - Default ResourceManager initializing. (class org.apache.velocity.runtime.resource.ResourceManagerImpl)
2020-11-02 15:41:12,964 - Resource Loader Instantiated: org.apache.velocity.runtime.resource.loader.ClasspathResourceLoader
2020-11-02 15:41:12,964 - ClasspathResourceLoader : initialization starting.
2020-11-02 15:41:12,964 - ClasspathResourceLoader : initialization complete.
2020-11-02 15:41:12,965 - ResourceCache : initialized. (class org.apache.velocity.runtime.resource.ResourceCacheImpl)
2020-11-02 15:41:12,965 - Default ResourceManager initialization complete.
2020-11-02 15:41:12,966 - Loaded System Directive: org.apache.velocity.runtime.directive.Literal
2020-11-02 15:41:12,967 - Loaded System Directive: org.apache.velocity.runtime.directive.Macro
2020-11-02 15:41:12,968 - Loaded System Directive: org.apache.velocity.runtime.directive.Parse
2020-11-02 15:41:12,969 - Loaded System Directive: org.apache.velocity.runtime.directive.Include
2020-11-02 15:41:12,969 - Loaded System Directive: org.apache.velocity.runtime.directive.Foreach
2020-11-02 15:41:12,992 - Created: 20 parsers.
2020-11-02 15:41:12,995 - Velocimacro : initialization starting.
2020-11-02 15:41:12,996 - Velocimacro : adding VMs from VM library template : VM_global_library.vm
2020-11-02 15:41:12,998 - ResourceManager : unable to find resource 'VM_global_library.vm' in any resource loader.
2020-11-02 15:41:12,998 - Velocimacro : error using  VM library template VM_global_library.vm : org.apache.velocity.exception.ResourceNotFoundException: Unable to find resource 'VM_global_library.vm'
2020-11-02 15:41:12,998 - Velocimacro :  VM library template macro registration complete.
2020-11-02 15:41:12,998 - Velocimacro : allowInline = true : VMs can be defined inline in templates
2020-11-02 15:41:12,998 - Velocimacro : allowInlineToOverride = false : VMs defined inline may NOT replace previous VM definitions
2020-11-02 15:41:12,998 - Velocimacro : allowInlineLocal = false : VMs defined inline will be  global in scope if allowed.
2020-11-02 15:41:12,998 - Velocimacro : messages on  : VM system will output logging messages
2020-11-02 15:41:12,998 - Velocimacro : autoload off  : VM system will not automatically reload global library macros
2020-11-02 15:41:12,998 - Velocimacro : initialization complete.
2020-11-02 15:41:12,998 - Velocity successfully started.
2020-11-02 17:19:28,674 - SimpleLog4JLogSystem initialized using logfile 'velocity.log'
2020-11-02 17:19:28,674 - ************************************************************** 
2020-11-02 17:19:28,674 - Starting Jakarta Velocity v1.4
2020-11-02 17:19:28,674 - RuntimeInstance initializing.
2020-11-02 17:19:28,674 - Default Properties File: org\apache\velocity\runtime\defaults\velocity.properties
2020-11-02 17:19:28,674 - Trying to use logger class org.apache.velocity.runtime.log.SimpleLog4JLogSystem
2020-11-02 17:19:28,674 - Using logger class org.apache.velocity.runtime.log.SimpleLog4JLogSystem
2020-11-02 17:19:28,676 - Default ResourceManager initializing. (class org.apache.velocity.runtime.resource.ResourceManagerImpl)
2020-11-02 17:19:28,677 - Resource Loader Instantiated: org.apache.velocity.runtime.resource.loader.ClasspathResourceLoader
2020-11-02 17:19:28,678 - ClasspathResourceLoader : initialization starting.
2020-11-02 17:19:28,678 - ClasspathResourceLoader : initialization complete.
2020-11-02 17:19:28,679 - ResourceCache : initialized. (class org.apache.velocity.runtime.resource.ResourceCacheImpl)
2020-11-02 17:19:28,679 - Default ResourceManager initialization complete.
2020-11-02 17:19:28,681 - Loaded System Directive: org.apache.velocity.runtime.directive.Literal
2020-11-02 17:19:28,682 - Loaded System Directive: org.apache.velocity.runtime.directive.Macro
2020-11-02 17:19:28,684 - Loaded System Directive: org.apache.velocity.runtime.directive.Parse
2020-11-02 17:19:28,685 - Loaded System Directive: org.apache.velocity.runtime.directive.Include
2020-11-02 17:19:28,685 - Loaded System Directive: org.apache.velocity.runtime.directive.Foreach
2020-11-02 17:19:28,705 - Created: 20 parsers.
2020-11-02 17:19:28,709 - Velocimacro : initialization starting.
2020-11-02 17:19:28,709 - Velocimacro : adding VMs from VM library template : VM_global_library.vm
2020-11-02 17:19:28,711 - ResourceManager : unable to find resource 'VM_global_library.vm' in any resource loader.
2020-11-02 17:19:28,711 - Velocimacro : error using  VM library template VM_global_library.vm : org.apache.velocity.exception.ResourceNotFoundException: Unable to find resource 'VM_global_library.vm'
2020-11-02 17:19:28,711 - Velocimacro :  VM library template macro registration complete.
2020-11-02 17:19:28,711 - Velocimacro : allowInline = true : VMs can be defined inline in templates
2020-11-02 17:19:28,711 - Velocimacro : allowInlineToOverride = false : VMs defined inline may NOT replace previous VM definitions
2020-11-02 17:19:28,712 - Velocimacro : allowInlineLocal = false : VMs defined inline will be  global in scope if allowed.
2020-11-02 17:19:28,712 - Velocimacro : messages on  : VM system will output logging messages
2020-11-02 17:19:28,712 - Velocimacro : autoload off  : VM system will not automatically reload global library macros
2020-11-02 17:19:28,712 - Velocimacro : initialization complete.
2020-11-02 17:19:28,712 - Velocity successfully started.
2020-11-02 17:20:03,368 - SimpleLog4JLogSystem initialized using logfile 'velocity.log'
2020-11-02 17:20:03,368 - ************************************************************** 
2020-11-02 17:20:03,368 - Starting Jakarta Velocity v1.4
2020-11-02 17:20:03,368 - RuntimeInstance initializing.
2020-11-02 17:20:03,368 - Default Properties File: org\apache\velocity\runtime\defaults\velocity.properties
2020-11-02 17:20:03,368 - Trying to use logger class org.apache.velocity.runtime.log.SimpleLog4JLogSystem
2020-11-02 17:20:03,368 - Using logger class org.apache.velocity.runtime.log.SimpleLog4JLogSystem
2020-11-02 17:20:03,370 - Default ResourceManager initializing. (class org.apache.velocity.runtime.resource.ResourceManagerImpl)
2020-11-02 17:20:03,371 - Resource Loader Instantiated: org.apache.velocity.runtime.resource.loader.ClasspathResourceLoader
2020-11-02 17:20:03,371 - ClasspathResourceLoader : initialization starting.
2020-11-02 17:20:03,371 - ClasspathResourceLoader : initialization complete.
2020-11-02 17:20:03,372 - ResourceCache : initialized. (class org.apache.velocity.runtime.resource.ResourceCacheImpl)
2020-11-02 17:20:03,372 - Default ResourceManager initialization complete.
2020-11-02 17:20:03,372 - Loaded System Directive: org.apache.velocity.runtime.directive.Literal
2020-11-02 17:20:03,373 - Loaded System Directive: org.apache.velocity.runtime.directive.Macro
2020-11-02 17:20:03,374 - Loaded System Directive: org.apache.velocity.runtime.directive.Parse
2020-11-02 17:20:03,375 - Loaded System Directive: org.apache.velocity.runtime.directive.Include
2020-11-02 17:20:03,376 - Loaded System Directive: org.apache.velocity.runtime.directive.Foreach
2020-11-02 17:20:03,393 - Created: 20 parsers.
2020-11-02 17:20:03,396 - Velocimacro : initialization starting.
2020-11-02 17:20:03,396 - Velocimacro : adding VMs from VM library template : VM_global_library.vm
2020-11-02 17:20:03,398 - ResourceManager : unable to find resource 'VM_global_library.vm' in any resource loader.
2020-11-02 17:20:03,399 - Velocimacro : error using  VM library template VM_global_library.vm : org.apache.velocity.exception.ResourceNotFoundException: Unable to find resource 'VM_global_library.vm'
2020-11-02 17:20:03,399 - Velocimacro :  VM library template macro registration complete.
2020-11-02 17:20:03,399 - Velocimacro : allowInline = true : VMs can be defined inline in templates
2020-11-02 17:20:03,399 - Velocimacro : allowInlineToOverride = false : VMs defined inline may NOT replace previous VM definitions
2020-11-02 17:20:03,399 - Velocimacro : allowInlineLocal = false : VMs defined inline will be  global in scope if allowed.
2020-11-02 17:20:03,399 - Velocimacro : messages on  : VM system will output logging messages
2020-11-02 17:20:03,399 - Velocimacro : autoload off  : VM system will not automatically reload global library macros
2020-11-02 17:20:03,399 - Velocimacro : initialization complete.
2020-11-02 17:20:03,399 - Velocity successfully started.
2020-11-04 09:19:08,085 - SimpleLog4JLogSystem initialized using logfile 'velocity.log'
2020-11-04 09:19:08,085 - ************************************************************** 
2020-11-04 09:19:08,085 - Starting Jakarta Velocity v1.4
2020-11-04 09:19:08,085 - RuntimeInstance initializing.
2020-11-04 09:19:08,085 - Default Properties File: org\apache\velocity\runtime\defaults\velocity.properties
2020-11-04 09:19:08,085 - Trying to use logger class org.apache.velocity.runtime.log.SimpleLog4JLogSystem
2020-11-04 09:19:08,085 - Using logger class org.apache.velocity.runtime.log.SimpleLog4JLogSystem
2020-11-04 09:19:08,088 - Default ResourceManager initializing. (class org.apache.velocity.runtime.resource.ResourceManagerImpl)
2020-11-04 09:19:08,090 - Resource Loader Instantiated: org.apache.velocity.runtime.resource.loader.ClasspathResourceLoader
2020-11-04 09:19:08,090 - ClasspathResourceLoader : initialization starting.
2020-11-04 09:19:08,090 - ClasspathResourceLoader : initialization complete.
2020-11-04 09:19:08,091 - ResourceCache : initialized. (class org.apache.velocity.runtime.resource.ResourceCacheImpl)
2020-11-04 09:19:08,091 - Default ResourceManager initialization complete.
2020-11-04 09:19:08,092 - Loaded System Directive: org.apache.velocity.runtime.directive.Literal
2020-11-04 09:19:08,093 - Loaded System Directive: org.apache.velocity.runtime.directive.Macro
2020-11-04 09:19:08,094 - Loaded System Directive: org.apache.velocity.runtime.directive.Parse
2020-11-04 09:19:08,096 - Loaded System Directive: org.apache.velocity.runtime.directive.Include
2020-11-04 09:19:08,096 - Loaded System Directive: org.apache.velocity.runtime.directive.Foreach
2020-11-04 09:19:08,114 - Created: 20 parsers.
2020-11-04 09:19:08,118 - Velocimacro : initialization starting.
2020-11-04 09:19:08,118 - Velocimacro : adding VMs from VM library template : VM_global_library.vm
2020-11-04 09:19:08,120 - ResourceManager : unable to find resource 'VM_global_library.vm' in any resource loader.
2020-11-04 09:19:08,120 - Velocimacro : error using  VM library template VM_global_library.vm : org.apache.velocity.exception.ResourceNotFoundException: Unable to find resource 'VM_global_library.vm'
2020-11-04 09:19:08,120 - Velocimacro :  VM library template macro registration complete.
2020-11-04 09:19:08,120 - Velocimacro : allowInline = true : VMs can be defined inline in templates
2020-11-04 09:19:08,120 - Velocimacro : allowInlineToOverride = false : VMs defined inline may NOT replace previous VM definitions
2020-11-04 09:19:08,120 - Velocimacro : allowInlineLocal = false : VMs defined inline will be  global in scope if allowed.
2020-11-04 09:19:08,120 - Velocimacro : messages on  : VM system will output logging messages
2020-11-04 09:19:08,120 - Velocimacro : autoload off  : VM system will not automatically reload global library macros
2020-11-04 09:19:08,120 - Velocimacro : initialization complete.
2020-11-04 09:19:08,120 - Velocity successfully started.
2020-11-04 09:20:42,629 - SimpleLog4JLogSystem initialized using logfile 'velocity.log'
2020-11-04 09:20:42,630 - ************************************************************** 
2020-11-04 09:20:42,630 - Starting Jakarta Velocity v1.4
2020-11-04 09:20:42,630 - RuntimeInstance initializing.
2020-11-04 09:20:42,630 - Default Properties File: org\apache\velocity\runtime\defaults\velocity.properties
2020-11-04 09:20:42,630 - Trying to use logger class org.apache.velocity.runtime.log.SimpleLog4JLogSystem
2020-11-04 09:20:42,630 - Using logger class org.apache.velocity.runtime.log.SimpleLog4JLogSystem
2020-11-04 09:20:42,632 - Default ResourceManager initializing. (class org.apache.velocity.runtime.resource.ResourceManagerImpl)
2020-11-04 09:20:42,633 - Resource Loader Instantiated: org.apache.velocity.runtime.resource.loader.ClasspathResourceLoader
2020-11-04 09:20:42,633 - ClasspathResourceLoader : initialization starting.
2020-11-04 09:20:42,633 - ClasspathResourceLoader : initialization complete.
2020-11-04 09:20:42,634 - ResourceCache : initialized. (class org.apache.velocity.runtime.resource.ResourceCacheImpl)
2020-11-04 09:20:42,740 - Default ResourceManager initialization complete.
2020-11-04 09:20:42,741 - Loaded System Directive: org.apache.velocity.runtime.directive.Literal
2020-11-04 09:20:42,742 - Loaded System Directive: org.apache.velocity.runtime.directive.Macro
2020-11-04 09:20:42,744 - Loaded System Directive: org.apache.velocity.runtime.directive.Parse
2020-11-04 09:20:42,745 - Loaded System Directive: org.apache.velocity.runtime.directive.Include
2020-11-04 09:20:42,745 - Loaded System Directive: org.apache.velocity.runtime.directive.Foreach
2020-11-04 09:20:42,765 - Created: 20 parsers.
2020-11-04 09:20:42,769 - Velocimacro : initialization starting.
2020-11-04 09:20:42,769 - Velocimacro : adding VMs from VM library template : VM_global_library.vm
2020-11-04 09:20:42,771 - ResourceManager : unable to find resource 'VM_global_library.vm' in any resource loader.
2020-11-04 09:20:42,771 - Velocimacro : error using  VM library template VM_global_library.vm : org.apache.velocity.exception.ResourceNotFoundException: Unable to find resource 'VM_global_library.vm'
2020-11-04 09:20:42,771 - Velocimacro :  VM library template macro registration complete.
2020-11-04 09:20:42,771 - Velocimacro : allowInline = true : VMs can be defined inline in templates
2020-11-04 09:20:42,771 - Velocimacro : allowInlineToOverride = false : VMs defined inline may NOT replace previous VM definitions
2020-11-04 09:20:42,771 - Velocimacro : allowInlineLocal = false : VMs defined inline will be  global in scope if allowed.
2020-11-04 09:20:42,771 - Velocimacro : messages on  : VM system will output logging messages
2020-11-04 09:20:42,771 - Velocimacro : autoload off  : VM system will not automatically reload global library macros
2020-11-04 09:20:42,771 - Velocimacro : initialization complete.
2020-11-04 09:20:42,771 - Velocity successfully started.
2020-11-04 11:53:23,307 - SimpleLog4JLogSystem initialized using logfile 'velocity.log'
2020-11-04 11:53:23,307 - ************************************************************** 
2020-11-04 11:53:23,307 - Starting Jakarta Velocity v1.4
2020-11-04 11:53:23,307 - RuntimeInstance initializing.
2020-11-04 11:53:23,307 - Default Properties File: org\apache\velocity\runtime\defaults\velocity.properties
2020-11-04 11:53:23,307 - Trying to use logger class org.apache.velocity.runtime.log.SimpleLog4JLogSystem
2020-11-04 11:53:23,308 - Using logger class org.apache.velocity.runtime.log.SimpleLog4JLogSystem
2020-11-04 11:53:23,309 - Default ResourceManager initializing. (class org.apache.velocity.runtime.resource.ResourceManagerImpl)
2020-11-04 11:53:23,311 - Resource Loader Instantiated: org.apache.velocity.runtime.resource.loader.ClasspathResourceLoader
2020-11-04 11:53:23,311 - ClasspathResourceLoader : initialization starting.
2020-11-04 11:53:23,311 - ClasspathResourceLoader : initialization complete.
2020-11-04 11:53:23,312 - ResourceCache : initialized. (class org.apache.velocity.runtime.resource.ResourceCacheImpl)
2020-11-04 11:53:23,312 - Default ResourceManager initialization complete.
2020-11-04 11:53:23,312 - Loaded System Directive: org.apache.velocity.runtime.directive.Literal
2020-11-04 11:53:23,313 - Loaded System Directive: org.apache.velocity.runtime.directive.Macro
2020-11-04 11:53:23,314 - Loaded System Directive: org.apache.velocity.runtime.directive.Parse
2020-11-04 11:53:23,315 - Loaded System Directive: org.apache.velocity.runtime.directive.Include
2020-11-04 11:53:23,316 - Loaded System Directive: org.apache.velocity.runtime.directive.Foreach
2020-11-04 11:53:23,334 - Created: 20 parsers.
2020-11-04 11:53:23,337 - Velocimacro : initialization starting.
2020-11-04 11:53:23,337 - Velocimacro : adding VMs from VM library template : VM_global_library.vm
2020-11-04 11:53:23,339 - ResourceManager : unable to find resource 'VM_global_library.vm' in any resource loader.
2020-11-04 11:53:23,339 - Velocimacro : error using  VM library template VM_global_library.vm : org.apache.velocity.exception.ResourceNotFoundException: Unable to find resource 'VM_global_library.vm'
2020-11-04 11:53:23,339 - Velocimacro :  VM library template macro registration complete.
2020-11-04 11:53:23,339 - Velocimacro : allowInline = true : VMs can be defined inline in templates
2020-11-04 11:53:23,339 - Velocimacro : allowInlineToOverride = false : VMs defined inline may NOT replace previous VM definitions
2020-11-04 11:53:23,339 - Velocimacro : allowInlineLocal = false : VMs defined inline will be  global in scope if allowed.
2020-11-04 11:53:23,339 - Velocimacro : messages on  : VM system will output logging messages
2020-11-04 11:53:23,339 - Velocimacro : autoload off  : VM system will not automatically reload global library macros
2020-11-04 11:53:23,339 - Velocimacro : initialization complete.
2020-11-04 11:53:23,339 - Velocity successfully started.
2020-11-04 11:55:27,086 - SimpleLog4JLogSystem initialized using logfile 'velocity.log'
2020-11-04 11:55:27,086 - ************************************************************** 
2020-11-04 11:55:27,086 - Starting Jakarta Velocity v1.4
2020-11-04 11:55:27,086 - RuntimeInstance initializing.
2020-11-04 11:55:27,086 - Default Properties File: org\apache\velocity\runtime\defaults\velocity.properties
2020-11-04 11:55:27,086 - Trying to use logger class org.apache.velocity.runtime.log.SimpleLog4JLogSystem
2020-11-04 11:55:27,087 - Using logger class org.apache.velocity.runtime.log.SimpleLog4JLogSystem
2020-11-04 11:55:27,088 - Default ResourceManager initializing. (class org.apache.velocity.runtime.resource.ResourceManagerImpl)
2020-11-04 11:55:27,090 - Resource Loader Instantiated: org.apache.velocity.runtime.resource.loader.ClasspathResourceLoader
2020-11-04 11:55:27,090 - ClasspathResourceLoader : initialization starting.
2020-11-04 11:55:27,090 - ClasspathResourceLoader : initialization complete.
2020-11-04 11:55:27,090 - ResourceCache : initialized. (class org.apache.velocity.runtime.resource.ResourceCacheImpl)
2020-11-04 11:55:27,091 - Default ResourceManager initialization complete.
2020-11-04 11:55:27,091 - Loaded System Directive: org.apache.velocity.runtime.directive.Literal
2020-11-04 11:55:27,092 - Loaded System Directive: org.apache.velocity.runtime.directive.Macro
2020-11-04 11:55:27,093 - Loaded System Directive: org.apache.velocity.runtime.directive.Parse
2020-11-04 11:55:27,094 - Loaded System Directive: org.apache.velocity.runtime.directive.Include
2020-11-04 11:55:27,095 - Loaded System Directive: org.apache.velocity.runtime.directive.Foreach
2020-11-04 11:55:27,113 - Created: 20 parsers.
2020-11-04 11:55:27,117 - Velocimacro : initialization starting.
2020-11-04 11:55:27,118 - Velocimacro : adding VMs from VM library template : VM_global_library.vm
2020-11-04 11:55:27,120 - ResourceManager : unable to find resource 'VM_global_library.vm' in any resource loader.
2020-11-04 11:55:27,120 - Velocimacro : error using  VM library template VM_global_library.vm : org.apache.velocity.exception.ResourceNotFoundException: Unable to find resource 'VM_global_library.vm'
2020-11-04 11:55:27,120 - Velocimacro :  VM library template macro registration complete.
2020-11-04 11:55:27,120 - Velocimacro : allowInline = true : VMs can be defined inline in templates
2020-11-04 11:55:27,120 - Velocimacro : allowInlineToOverride = false : VMs defined inline may NOT replace previous VM definitions
2020-11-04 11:55:27,120 - Velocimacro : allowInlineLocal = false : VMs defined inline will be  global in scope if allowed.
2020-11-04 11:55:27,120 - Velocimacro : messages on  : VM system will output logging messages
2020-11-04 11:55:27,120 - Velocimacro : autoload off  : VM system will not automatically reload global library macros
2020-11-04 11:55:27,120 - Velocimacro : initialization complete.
2020-11-04 11:55:27,120 - Velocity successfully started.
2020-11-05 15:09:06,364 - SimpleLog4JLogSystem initialized using logfile 'velocity.log'
2020-11-05 15:09:06,365 - ************************************************************** 
2020-11-05 15:09:06,365 - Starting Jakarta Velocity v1.4
2020-11-05 15:09:06,365 - RuntimeInstance initializing.
2020-11-05 15:09:06,365 - Default Properties File: org\apache\velocity\runtime\defaults\velocity.properties
2020-11-05 15:09:06,365 - Trying to use logger class org.apache.velocity.runtime.log.SimpleLog4JLogSystem
2020-11-05 15:09:06,365 - Using logger class org.apache.velocity.runtime.log.SimpleLog4JLogSystem
2020-11-05 15:09:06,367 - Default ResourceManager initializing. (class org.apache.velocity.runtime.resource.ResourceManagerImpl)
2020-11-05 15:09:06,370 - Resource Loader Instantiated: org.apache.velocity.runtime.resource.loader.ClasspathResourceLoader
2020-11-05 15:09:06,370 - ClasspathResourceLoader : initialization starting.
2020-11-05 15:09:06,370 - ClasspathResourceLoader : initialization complete.
2020-11-05 15:09:06,371 - ResourceCache : initialized. (class org.apache.velocity.runtime.resource.ResourceCacheImpl)
2020-11-05 15:09:06,371 - Default ResourceManager initialization complete.
2020-11-05 15:09:06,372 - Loaded System Directive: org.apache.velocity.runtime.directive.Literal
2020-11-05 15:09:06,373 - Loaded System Directive: org.apache.velocity.runtime.directive.Macro
2020-11-05 15:09:06,375 - Loaded System Directive: org.apache.velocity.runtime.directive.Parse
2020-11-05 15:09:06,376 - Loaded System Directive: org.apache.velocity.runtime.directive.Include
2020-11-05 15:09:06,377 - Loaded System Directive: org.apache.velocity.runtime.directive.Foreach
2020-11-05 15:09:06,397 - Created: 20 parsers.
2020-11-05 15:09:06,401 - Velocimacro : initialization starting.
2020-11-05 15:09:06,401 - Velocimacro : adding VMs from VM library template : VM_global_library.vm
2020-11-05 15:09:06,403 - ResourceManager : unable to find resource 'VM_global_library.vm' in any resource loader.
2020-11-05 15:09:06,403 - Velocimacro : error using  VM library template VM_global_library.vm : org.apache.velocity.exception.ResourceNotFoundException: Unable to find resource 'VM_global_library.vm'
2020-11-05 15:09:06,403 - Velocimacro :  VM library template macro registration complete.
2020-11-05 15:09:06,403 - Velocimacro : allowInline = true : VMs can be defined inline in templates
2020-11-05 15:09:06,404 - Velocimacro : allowInlineToOverride = false : VMs defined inline may NOT replace previous VM definitions
2020-11-05 15:09:06,404 - Velocimacro : allowInlineLocal = false : VMs defined inline will be  global in scope if allowed.
2020-11-05 15:09:06,404 - Velocimacro : messages on  : VM system will output logging messages
2020-11-05 15:09:06,404 - Velocimacro : autoload off  : VM system will not automatically reload global library macros
2020-11-05 15:09:06,404 - Velocimacro : initialization complete.
2020-11-05 15:09:06,404 - Velocity successfully started.
2020-11-05 15:10:37,330 - SimpleLog4JLogSystem initialized using logfile 'velocity.log'
2020-11-05 15:10:37,331 - ************************************************************** 
2020-11-05 15:10:37,331 - Starting Jakarta Velocity v1.4
2020-11-05 15:10:37,331 - RuntimeInstance initializing.
2020-11-05 15:10:37,331 - Default Properties File: org\apache\velocity\runtime\defaults\velocity.properties
2020-11-05 15:10:37,331 - Trying to use logger class org.apache.velocity.runtime.log.SimpleLog4JLogSystem
2020-11-05 15:10:37,331 - Using logger class org.apache.velocity.runtime.log.SimpleLog4JLogSystem
2020-11-05 15:10:37,335 - Default ResourceManager initializing. (class org.apache.velocity.runtime.resource.ResourceManagerImpl)
2020-11-05 15:10:37,339 - Resource Loader Instantiated: org.apache.velocity.runtime.resource.loader.ClasspathResourceLoader
2020-11-05 15:10:37,339 - ClasspathResourceLoader : initialization starting.
2020-11-05 15:10:37,339 - ClasspathResourceLoader : initialization complete.
2020-11-05 15:10:37,343 - ResourceCache : initialized. (class org.apache.velocity.runtime.resource.ResourceCacheImpl)
2020-11-05 15:10:37,343 - Default ResourceManager initialization complete.
2020-11-05 15:10:37,346 - Loaded System Directive: org.apache.velocity.runtime.directive.Literal
2020-11-05 15:10:37,348 - Loaded System Directive: org.apache.velocity.runtime.directive.Macro
2020-11-05 15:10:37,352 - Loaded System Directive: org.apache.velocity.runtime.directive.Parse
2020-11-05 15:10:37,354 - Loaded System Directive: org.apache.velocity.runtime.directive.Include
2020-11-05 15:10:37,355 - Loaded System Directive: org.apache.velocity.runtime.directive.Foreach
2020-11-05 15:10:37,394 - Created: 20 parsers.
2020-11-05 15:10:37,400 - Velocimacro : initialization starting.
2020-11-05 15:10:37,400 - Velocimacro : adding VMs from VM library template : VM_global_library.vm
2020-11-05 15:10:37,402 - ResourceManager : unable to find resource 'VM_global_library.vm' in any resource loader.
2020-11-05 15:10:37,402 - Velocimacro : error using  VM library template VM_global_library.vm : org.apache.velocity.exception.ResourceNotFoundException: Unable to find resource 'VM_global_library.vm'
2020-11-05 15:10:37,403 - Velocimacro :  VM library template macro registration complete.
2020-11-05 15:10:37,403 - Velocimacro : allowInline = true : VMs can be defined inline in templates
2020-11-05 15:10:37,403 - Velocimacro : allowInlineToOverride = false : VMs defined inline may NOT replace previous VM definitions
2020-11-05 15:10:37,403 - Velocimacro : allowInlineLocal = false : VMs defined inline will be  global in scope if allowed.
2020-11-05 15:10:37,403 - Velocimacro : messages on  : VM system will output logging messages
2020-11-05 15:10:37,403 - Velocimacro : autoload off  : VM system will not automatically reload global library macros
2020-11-05 15:10:37,403 - Velocimacro : initialization complete.
2020-11-05 15:10:37,403 - Velocity successfully started.
2020-11-05 15:12:30,764 - ResourceManager : found repast/simphony/parameter/parameters.vt with loader org.apache.velocity.runtime.resource.loader.ClasspathResourceLoader
2020-11-05 15:20:51,778 - SimpleLog4JLogSystem initialized using logfile 'velocity.log'
2020-11-05 15:20:51,778 - ************************************************************** 
2020-11-05 15:20:51,778 - Starting Jakarta Velocity v1.4
2020-11-05 15:20:51,778 - RuntimeInstance initializing.
2020-11-05 15:20:51,778 - Default Properties File: org\apache\velocity\runtime\defaults\velocity.properties
2020-11-05 15:20:51,778 - Trying to use logger class org.apache.velocity.runtime.log.SimpleLog4JLogSystem
2020-11-05 15:20:51,778 - Using logger class org.apache.velocity.runtime.log.SimpleLog4JLogSystem
2020-11-05 15:20:51,780 - Default ResourceManager initializing. (class org.apache.velocity.runtime.resource.ResourceManagerImpl)
2020-11-05 15:20:51,781 - Resource Loader Instantiated: org.apache.velocity.runtime.resource.loader.ClasspathResourceLoader
2020-11-05 15:20:51,781 - ClasspathResourceLoader : initialization starting.
2020-11-05 15:20:51,781 - ClasspathResourceLoader : initialization complete.
2020-11-05 15:20:51,782 - ResourceCache : initialized. (class org.apache.velocity.runtime.resource.ResourceCacheImpl)
2020-11-05 15:20:51,782 - Default ResourceManager initialization complete.
2020-11-05 15:20:51,783 - Loaded System Directive: org.apache.velocity.runtime.directive.Literal
2020-11-05 15:20:51,784 - Loaded System Directive: org.apache.velocity.runtime.directive.Macro
2020-11-05 15:20:51,785 - Loaded System Directive: org.apache.velocity.runtime.directive.Parse
2020-11-05 15:20:51,786 - Loaded System Directive: org.apache.velocity.runtime.directive.Include
2020-11-05 15:20:51,787 - Loaded System Directive: org.apache.velocity.runtime.directive.Foreach
2020-11-05 15:20:51,805 - Created: 20 parsers.
2020-11-05 15:20:51,808 - Velocimacro : initialization starting.
2020-11-05 15:20:51,808 - Velocimacro : adding VMs from VM library template : VM_global_library.vm
2020-11-05 15:20:51,810 - ResourceManager : unable to find resource 'VM_global_library.vm' in any resource loader.
2020-11-05 15:20:51,810 - Velocimacro : error using  VM library template VM_global_library.vm : org.apache.velocity.exception.ResourceNotFoundException: Unable to find resource 'VM_global_library.vm'
2020-11-05 15:20:51,810 - Velocimacro :  VM library template macro registration complete.
2020-11-05 15:20:51,810 - Velocimacro : allowInline = true : VMs can be defined inline in templates
2020-11-05 15:20:51,810 - Velocimacro : allowInlineToOverride = false : VMs defined inline may NOT replace previous VM definitions
2020-11-05 15:20:51,810 - Velocimacro : allowInlineLocal = false : VMs defined inline will be  global in scope if allowed.
2020-11-05 15:20:51,810 - Velocimacro : messages on  : VM system will output logging messages
2020-11-05 15:20:51,810 - Velocimacro : autoload off  : VM system will not automatically reload global library macros
2020-11-05 15:20:51,810 - Velocimacro : initialization complete.
2020-11-05 15:20:51,810 - Velocity successfully started.
2020-11-05 15:22:41,649 - SimpleLog4JLogSystem initialized using logfile 'velocity.log'
2020-11-05 15:22:41,649 - ************************************************************** 
2020-11-05 15:22:41,649 - Starting Jakarta Velocity v1.4
2020-11-05 15:22:41,649 - RuntimeInstance initializing.
2020-11-05 15:22:41,649 - Default Properties File: org\apache\velocity\runtime\defaults\velocity.properties
2020-11-05 15:22:41,649 - Trying to use logger class org.apache.velocity.runtime.log.SimpleLog4JLogSystem
2020-11-05 15:22:41,649 - Using logger class org.apache.velocity.runtime.log.SimpleLog4JLogSystem
2020-11-05 15:22:41,651 - Default ResourceManager initializing. (class org.apache.velocity.runtime.resource.ResourceManagerImpl)
2020-11-05 15:22:41,652 - Resource Loader Instantiated: org.apache.velocity.runtime.resource.loader.ClasspathResourceLoader
2020-11-05 15:22:41,652 - ClasspathResourceLoader : initialization starting.
2020-11-05 15:22:41,652 - ClasspathResourceLoader : initialization complete.
2020-11-05 15:22:41,653 - ResourceCache : initialized. (class org.apache.velocity.runtime.resource.ResourceCacheImpl)
2020-11-05 15:22:41,653 - Default ResourceManager initialization complete.
2020-11-05 15:22:41,654 - Loaded System Directive: org.apache.velocity.runtime.directive.Literal
2020-11-05 15:22:41,655 - Loaded System Directive: org.apache.velocity.runtime.directive.Macro
2020-11-05 15:22:41,656 - Loaded System Directive: org.apache.velocity.runtime.directive.Parse
2020-11-05 15:22:41,657 - Loaded System Directive: org.apache.velocity.runtime.directive.Include
2020-11-05 15:22:41,658 - Loaded System Directive: org.apache.velocity.runtime.directive.Foreach
2020-11-05 15:22:41,675 - Created: 20 parsers.
2020-11-05 15:22:41,679 - Velocimacro : initialization starting.
2020-11-05 15:22:41,679 - Velocimacro : adding VMs from VM library template : VM_global_library.vm
2020-11-05 15:22:41,681 - ResourceManager : unable to find resource 'VM_global_library.vm' in any resource loader.
2020-11-05 15:22:41,681 - Velocimacro : error using  VM library template VM_global_library.vm : org.apache.velocity.exception.ResourceNotFoundException: Unable to find resource 'VM_global_library.vm'
2020-11-05 15:22:41,681 - Velocimacro :  VM library template macro registration complete.
2020-11-05 15:22:41,681 - Velocimacro : allowInline = true : VMs can be defined inline in templates
2020-11-05 15:22:41,681 - Velocimacro : allowInlineToOverride = false : VMs defined inline may NOT replace previous VM definitions
2020-11-05 15:22:41,681 - Velocimacro : allowInlineLocal = false : VMs defined inline will be  global in scope if allowed.
2020-11-05 15:22:41,681 - Velocimacro : messages on  : VM system will output logging messages
2020-11-05 15:22:41,681 - Velocimacro : autoload off  : VM system will not automatically reload global library macros
2020-11-05 15:22:41,681 - Velocimacro : initialization complete.
2020-11-05 15:22:41,681 - Velocity successfully started.
2020-11-05 15:23:24,490 - ResourceManager : found repast/simphony/parameter/parameters.vt with loader org.apache.velocity.runtime.resource.loader.ClasspathResourceLoader
2020-11-05 15:23:28,900 - ResourceManager : found repast/simphony/parameter/parameters.vt with loader org.apache.velocity.runtime.resource.loader.ClasspathResourceLoader
2020-11-05 17:03:42,740 - SimpleLog4JLogSystem initialized using logfile 'velocity.log'
2020-11-05 17:03:42,740 - ************************************************************** 
2020-11-05 17:03:42,740 - Starting Jakarta Velocity v1.4
2020-11-05 17:03:42,740 - RuntimeInstance initializing.
2020-11-05 17:03:42,740 - Default Properties File: org\apache\velocity\runtime\defaults\velocity.properties
2020-11-05 17:03:42,740 - Trying to use logger class org.apache.velocity.runtime.log.SimpleLog4JLogSystem
2020-11-05 17:03:42,740 - Using logger class org.apache.velocity.runtime.log.SimpleLog4JLogSystem
2020-11-05 17:03:42,742 - Default ResourceManager initializing. (class org.apache.velocity.runtime.resource.ResourceManagerImpl)
2020-11-05 17:03:42,744 - Resource Loader Instantiated: org.apache.velocity.runtime.resource.loader.ClasspathResourceLoader
2020-11-05 17:03:42,744 - ClasspathResourceLoader : initialization starting.
2020-11-05 17:03:42,744 - ClasspathResourceLoader : initialization complete.
2020-11-05 17:03:42,744 - ResourceCache : initialized. (class org.apache.velocity.runtime.resource.ResourceCacheImpl)
2020-11-05 17:03:42,744 - Default ResourceManager initialization complete.
2020-11-05 17:03:42,745 - Loaded System Directive: org.apache.velocity.runtime.directive.Literal
2020-11-05 17:03:42,746 - Loaded System Directive: org.apache.velocity.runtime.directive.Macro
2020-11-05 17:03:42,747 - Loaded System Directive: org.apache.velocity.runtime.directive.Parse
2020-11-05 17:03:42,748 - Loaded System Directive: org.apache.velocity.runtime.directive.Include
2020-11-05 17:03:42,749 - Loaded System Directive: org.apache.velocity.runtime.directive.Foreach
2020-11-05 17:03:42,769 - Created: 20 parsers.
2020-11-05 17:03:42,772 - Velocimacro : initialization starting.
2020-11-05 17:03:42,772 - Velocimacro : adding VMs from VM library template : VM_global_library.vm
2020-11-05 17:03:42,775 - ResourceManager : unable to find resource 'VM_global_library.vm' in any resource loader.
2020-11-05 17:03:42,775 - Velocimacro : error using  VM library template VM_global_library.vm : org.apache.velocity.exception.ResourceNotFoundException: Unable to find resource 'VM_global_library.vm'
2020-11-05 17:03:42,775 - Velocimacro :  VM library template macro registration complete.
2020-11-05 17:03:42,775 - Velocimacro : allowInline = true : VMs can be defined inline in templates
2020-11-05 17:03:42,775 - Velocimacro : allowInlineToOverride = false : VMs defined inline may NOT replace previous VM definitions
2020-11-05 17:03:42,775 - Velocimacro : allowInlineLocal = false : VMs defined inline will be  global in scope if allowed.
2020-11-05 17:03:42,775 - Velocimacro : messages on  : VM system will output logging messages
2020-11-05 17:03:42,775 - Velocimacro : autoload off  : VM system will not automatically reload global library macros
2020-11-05 17:03:42,775 - Velocimacro : initialization complete.
2020-11-05 17:03:42,775 - Velocity successfully started.
2020-11-05 17:04:03,523 - ResourceManager : found repast/simphony/parameter/parameters.vt with loader org.apache.velocity.runtime.resource.loader.ClasspathResourceLoader
2020-11-05 17:07:56,684 - SimpleLog4JLogSystem initialized using logfile 'velocity.log'
2020-11-05 17:07:56,684 - ************************************************************** 
2020-11-05 17:07:56,684 - Starting Jakarta Velocity v1.4
2020-11-05 17:07:56,684 - RuntimeInstance initializing.
2020-11-05 17:07:56,684 - Default Properties File: org\apache\velocity\runtime\defaults\velocity.properties
2020-11-05 17:07:56,685 - Trying to use logger class org.apache.velocity.runtime.log.SimpleLog4JLogSystem
2020-11-05 17:07:56,685 - Using logger class org.apache.velocity.runtime.log.SimpleLog4JLogSystem
2020-11-05 17:07:56,686 - Default ResourceManager initializing. (class org.apache.velocity.runtime.resource.ResourceManagerImpl)
2020-11-05 17:07:56,688 - Resource Loader Instantiated: org.apache.velocity.runtime.resource.loader.ClasspathResourceLoader
2020-11-05 17:07:56,688 - ClasspathResourceLoader : initialization starting.
2020-11-05 17:07:56,688 - ClasspathResourceLoader : initialization complete.
2020-11-05 17:07:56,689 - ResourceCache : initialized. (class org.apache.velocity.runtime.resource.ResourceCacheImpl)
2020-11-05 17:07:56,689 - Default ResourceManager initialization complete.
2020-11-05 17:07:56,689 - Loaded System Directive: org.apache.velocity.runtime.directive.Literal
2020-11-05 17:07:56,690 - Loaded System Directive: org.apache.velocity.runtime.directive.Macro
2020-11-05 17:07:56,692 - Loaded System Directive: org.apache.velocity.runtime.directive.Parse
2020-11-05 17:07:56,693 - Loaded System Directive: org.apache.velocity.runtime.directive.Include
2020-11-05 17:07:56,693 - Loaded System Directive: org.apache.velocity.runtime.directive.Foreach
2020-11-05 17:07:56,710 - Created: 20 parsers.
2020-11-05 17:07:56,713 - Velocimacro : initialization starting.
2020-11-05 17:07:56,713 - Velocimacro : adding VMs from VM library template : VM_global_library.vm
2020-11-05 17:07:56,716 - ResourceManager : unable to find resource 'VM_global_library.vm' in any resource loader.
2020-11-05 17:07:56,716 - Velocimacro : error using  VM library template VM_global_library.vm : org.apache.velocity.exception.ResourceNotFoundException: Unable to find resource 'VM_global_library.vm'
2020-11-05 17:07:56,716 - Velocimacro :  VM library template macro registration complete.
2020-11-05 17:07:56,716 - Velocimacro : allowInline = true : VMs can be defined inline in templates
2020-11-05 17:07:56,716 - Velocimacro : allowInlineToOverride = false : VMs defined inline may NOT replace previous VM definitions
2020-11-05 17:07:56,716 - Velocimacro : allowInlineLocal = false : VMs defined inline will be  global in scope if allowed.
2020-11-05 17:07:56,716 - Velocimacro : messages on  : VM system will output logging messages
2020-11-05 17:07:56,716 - Velocimacro : autoload off  : VM system will not automatically reload global library macros
2020-11-05 17:07:56,716 - Velocimacro : initialization complete.
2020-11-05 17:07:56,716 - Velocity successfully started.
2020-11-05 17:09:25,683 - SimpleLog4JLogSystem initialized using logfile 'velocity.log'
2020-11-05 17:09:25,683 - ************************************************************** 
2020-11-05 17:09:25,683 - Starting Jakarta Velocity v1.4
2020-11-05 17:09:25,683 - RuntimeInstance initializing.
2020-11-05 17:09:25,683 - Default Properties File: org\apache\velocity\runtime\defaults\velocity.properties
2020-11-05 17:09:25,683 - Trying to use logger class org.apache.velocity.runtime.log.SimpleLog4JLogSystem
2020-11-05 17:09:25,683 - Using logger class org.apache.velocity.runtime.log.SimpleLog4JLogSystem
2020-11-05 17:09:25,685 - Default ResourceManager initializing. (class org.apache.velocity.runtime.resource.ResourceManagerImpl)
2020-11-05 17:09:25,686 - Resource Loader Instantiated: org.apache.velocity.runtime.resource.loader.ClasspathResourceLoader
2020-11-05 17:09:25,686 - ClasspathResourceLoader : initialization starting.
2020-11-05 17:09:25,686 - ClasspathResourceLoader : initialization complete.
2020-11-05 17:09:25,687 - ResourceCache : initialized. (class org.apache.velocity.runtime.resource.ResourceCacheImpl)
2020-11-05 17:09:25,687 - Default ResourceManager initialization complete.
2020-11-05 17:09:25,688 - Loaded System Directive: org.apache.velocity.runtime.directive.Literal
2020-11-05 17:09:25,689 - Loaded System Directive: org.apache.velocity.runtime.directive.Macro
2020-11-05 17:09:25,690 - Loaded System Directive: org.apache.velocity.runtime.directive.Parse
2020-11-05 17:09:25,691 - Loaded System Directive: org.apache.velocity.runtime.directive.Include
2020-11-05 17:09:25,691 - Loaded System Directive: org.apache.velocity.runtime.directive.Foreach
2020-11-05 17:09:25,709 - Created: 20 parsers.
2020-11-05 17:09:25,712 - Velocimacro : initialization starting.
2020-11-05 17:09:25,712 - Velocimacro : adding VMs from VM library template : VM_global_library.vm
2020-11-05 17:09:25,714 - ResourceManager : unable to find resource 'VM_global_library.vm' in any resource loader.
2020-11-05 17:09:25,714 - Velocimacro : error using  VM library template VM_global_library.vm : org.apache.velocity.exception.ResourceNotFoundException: Unable to find resource 'VM_global_library.vm'
2020-11-05 17:09:25,714 - Velocimacro :  VM library template macro registration complete.
2020-11-05 17:09:25,714 - Velocimacro : allowInline = true : VMs can be defined inline in templates
2020-11-05 17:09:25,715 - Velocimacro : allowInlineToOverride = false : VMs defined inline may NOT replace previous VM definitions
2020-11-05 17:09:25,715 - Velocimacro : allowInlineLocal = false : VMs defined inline will be  global in scope if allowed.
2020-11-05 17:09:25,715 - Velocimacro : messages on  : VM system will output logging messages
2020-11-05 17:09:25,715 - Velocimacro : autoload off  : VM system will not automatically reload global library macros
2020-11-05 17:09:25,715 - Velocimacro : initialization complete.
2020-11-05 17:09:25,715 - Velocity successfully started.
2020-11-05 17:10:18,186 - SimpleLog4JLogSystem initialized using logfile 'velocity.log'
2020-11-05 17:10:18,186 - ************************************************************** 
2020-11-05 17:10:18,186 - Starting Jakarta Velocity v1.4
2020-11-05 17:10:18,186 - RuntimeInstance initializing.
2020-11-05 17:10:18,186 - Default Properties File: org\apache\velocity\runtime\defaults\velocity.properties
2020-11-05 17:10:18,186 - Trying to use logger class org.apache.velocity.runtime.log.SimpleLog4JLogSystem
2020-11-05 17:10:18,186 - Using logger class org.apache.velocity.runtime.log.SimpleLog4JLogSystem
2020-11-05 17:10:18,188 - Default ResourceManager initializing. (class org.apache.velocity.runtime.resource.ResourceManagerImpl)
2020-11-05 17:10:18,190 - Resource Loader Instantiated: org.apache.velocity.runtime.resource.loader.ClasspathResourceLoader
2020-11-05 17:10:18,190 - ClasspathResourceLoader : initialization starting.
2020-11-05 17:10:18,190 - ClasspathResourceLoader : initialization complete.
2020-11-05 17:10:18,190 - ResourceCache : initialized. (class org.apache.velocity.runtime.resource.ResourceCacheImpl)
2020-11-05 17:10:18,190 - Default ResourceManager initialization complete.
2020-11-05 17:10:18,191 - Loaded System Directive: org.apache.velocity.runtime.directive.Literal
2020-11-05 17:10:18,192 - Loaded System Directive: org.apache.velocity.runtime.directive.Macro
2020-11-05 17:10:18,193 - Loaded System Directive: org.apache.velocity.runtime.directive.Parse
2020-11-05 17:10:18,195 - Loaded System Directive: org.apache.velocity.runtime.directive.Include
2020-11-05 17:10:18,195 - Loaded System Directive: org.apache.velocity.runtime.directive.Foreach
2020-11-05 17:10:18,213 - Created: 20 parsers.
2020-11-05 17:10:18,217 - Velocimacro : initialization starting.
2020-11-05 17:10:18,217 - Velocimacro : adding VMs from VM library template : VM_global_library.vm
2020-11-05 17:10:18,219 - ResourceManager : unable to find resource 'VM_global_library.vm' in any resource loader.
2020-11-05 17:10:18,219 - Velocimacro : error using  VM library template VM_global_library.vm : org.apache.velocity.exception.ResourceNotFoundException: Unable to find resource 'VM_global_library.vm'
2020-11-05 17:10:18,219 - Velocimacro :  VM library template macro registration complete.
2020-11-05 17:10:18,219 - Velocimacro : allowInline = true : VMs can be defined inline in templates
2020-11-05 17:10:18,219 - Velocimacro : allowInlineToOverride = false : VMs defined inline may NOT replace previous VM definitions
2020-11-05 17:10:18,219 - Velocimacro : allowInlineLocal = false : VMs defined inline will be  global in scope if allowed.
2020-11-05 17:10:18,219 - Velocimacro : messages on  : VM system will output logging messages
2020-11-05 17:10:18,219 - Velocimacro : autoload off  : VM system will not automatically reload global library macros
2020-11-05 17:10:18,219 - Velocimacro : initialization complete.
2020-11-05 17:10:18,219 - Velocity successfully started.
2020-11-05 17:10:48,421 - SimpleLog4JLogSystem initialized using logfile 'velocity.log'
2020-11-05 17:10:48,421 - ************************************************************** 
2020-11-05 17:10:48,421 - Starting Jakarta Velocity v1.4
2020-11-05 17:10:48,421 - RuntimeInstance initializing.
2020-11-05 17:10:48,421 - Default Properties File: org\apache\velocity\runtime\defaults\velocity.properties
2020-11-05 17:10:48,422 - Trying to use logger class org.apache.velocity.runtime.log.SimpleLog4JLogSystem
2020-11-05 17:10:48,422 - Using logger class org.apache.velocity.runtime.log.SimpleLog4JLogSystem
2020-11-05 17:10:48,423 - Default ResourceManager initializing. (class org.apache.velocity.runtime.resource.ResourceManagerImpl)
2020-11-05 17:10:48,425 - Resource Loader Instantiated: org.apache.velocity.runtime.resource.loader.ClasspathResourceLoader
2020-11-05 17:10:48,425 - ClasspathResourceLoader : initialization starting.
2020-11-05 17:10:48,425 - ClasspathResourceLoader : initialization complete.
2020-11-05 17:10:48,426 - ResourceCache : initialized. (class org.apache.velocity.runtime.resource.ResourceCacheImpl)
2020-11-05 17:10:48,426 - Default ResourceManager initialization complete.
2020-11-05 17:10:48,426 - Loaded System Directive: org.apache.velocity.runtime.directive.Literal
2020-11-05 17:10:48,427 - Loaded System Directive: org.apache.velocity.runtime.directive.Macro
2020-11-05 17:10:48,429 - Loaded System Directive: org.apache.velocity.runtime.directive.Parse
2020-11-05 17:10:48,430 - Loaded System Directive: org.apache.velocity.runtime.directive.Include
2020-11-05 17:10:48,430 - Loaded System Directive: org.apache.velocity.runtime.directive.Foreach
2020-11-05 17:10:48,448 - Created: 20 parsers.
2020-11-05 17:10:48,451 - Velocimacro : initialization starting.
2020-11-05 17:10:48,452 - Velocimacro : adding VMs from VM library template : VM_global_library.vm
2020-11-05 17:10:48,453 - ResourceManager : unable to find resource 'VM_global_library.vm' in any resource loader.
2020-11-05 17:10:48,453 - Velocimacro : error using  VM library template VM_global_library.vm : org.apache.velocity.exception.ResourceNotFoundException: Unable to find resource 'VM_global_library.vm'
2020-11-05 17:10:48,454 - Velocimacro :  VM library template macro registration complete.
2020-11-05 17:10:48,454 - Velocimacro : allowInline = true : VMs can be defined inline in templates
2020-11-05 17:10:48,454 - Velocimacro : allowInlineToOverride = false : VMs defined inline may NOT replace previous VM definitions
2020-11-05 17:10:48,454 - Velocimacro : allowInlineLocal = false : VMs defined inline will be  global in scope if allowed.
2020-11-05 17:10:48,454 - Velocimacro : messages on  : VM system will output logging messages
2020-11-05 17:10:48,454 - Velocimacro : autoload off  : VM system will not automatically reload global library macros
2020-11-05 17:10:48,454 - Velocimacro : initialization complete.
2020-11-05 17:10:48,454 - Velocity successfully started.
2020-11-05 17:11:40,140 - SimpleLog4JLogSystem initialized using logfile 'velocity.log'
2020-11-05 17:11:40,140 - ************************************************************** 
2020-11-05 17:11:40,140 - Starting Jakarta Velocity v1.4
2020-11-05 17:11:40,140 - RuntimeInstance initializing.
2020-11-05 17:11:40,140 - Default Properties File: org\apache\velocity\runtime\defaults\velocity.properties
2020-11-05 17:11:40,140 - Trying to use logger class org.apache.velocity.runtime.log.SimpleLog4JLogSystem
2020-11-05 17:11:40,140 - Using logger class org.apache.velocity.runtime.log.SimpleLog4JLogSystem
2020-11-05 17:11:40,143 - Default ResourceManager initializing. (class org.apache.velocity.runtime.resource.ResourceManagerImpl)
2020-11-05 17:11:40,146 - Resource Loader Instantiated: org.apache.velocity.runtime.resource.loader.ClasspathResourceLoader
2020-11-05 17:11:40,147 - ClasspathResourceLoader : initialization starting.
2020-11-05 17:11:40,147 - ClasspathResourceLoader : initialization complete.
2020-11-05 17:11:40,148 - ResourceCache : initialized. (class org.apache.velocity.runtime.resource.ResourceCacheImpl)
2020-11-05 17:11:40,148 - Default ResourceManager initialization complete.
2020-11-05 17:11:40,150 - Loaded System Directive: org.apache.velocity.runtime.directive.Literal
2020-11-05 17:11:40,151 - Loaded System Directive: org.apache.velocity.runtime.directive.Macro
2020-11-05 17:11:40,153 - Loaded System Directive: org.apache.velocity.runtime.directive.Parse
2020-11-05 17:11:40,156 - Loaded System Directive: org.apache.velocity.runtime.directive.Include
2020-11-05 17:11:40,156 - Loaded System Directive: org.apache.velocity.runtime.directive.Foreach
2020-11-05 17:11:40,185 - Created: 20 parsers.
2020-11-05 17:11:40,191 - Velocimacro : initialization starting.
2020-11-05 17:11:40,191 - Velocimacro : adding VMs from VM library template : VM_global_library.vm
2020-11-05 17:11:40,195 - ResourceManager : unable to find resource 'VM_global_library.vm' in any resource loader.
2020-11-05 17:11:40,195 - Velocimacro : error using  VM library template VM_global_library.vm : org.apache.velocity.exception.ResourceNotFoundException: Unable to find resource 'VM_global_library.vm'
2020-11-05 17:11:40,195 - Velocimacro :  VM library template macro registration complete.
2020-11-05 17:11:40,195 - Velocimacro : allowInline = true : VMs can be defined inline in templates
2020-11-05 17:11:40,195 - Velocimacro : allowInlineToOverride = false : VMs defined inline may NOT replace previous VM definitions
2020-11-05 17:11:40,195 - Velocimacro : allowInlineLocal = false : VMs defined inline will be  global in scope if allowed.
2020-11-05 17:11:40,195 - Velocimacro : messages on  : VM system will output logging messages
2020-11-05 17:11:40,195 - Velocimacro : autoload off  : VM system will not automatically reload global library macros
2020-11-05 17:11:40,195 - Velocimacro : initialization complete.
2020-11-05 17:11:40,195 - Velocity successfully started.
2020-11-05 17:13:28,103 - SimpleLog4JLogSystem initialized using logfile 'velocity.log'
2020-11-05 17:13:28,104 - ************************************************************** 
2020-11-05 17:13:28,104 - Starting Jakarta Velocity v1.4
2020-11-05 17:13:28,104 - RuntimeInstance initializing.
2020-11-05 17:13:28,104 - Default Properties File: org\apache\velocity\runtime\defaults\velocity.properties
2020-11-05 17:13:28,104 - Trying to use logger class org.apache.velocity.runtime.log.SimpleLog4JLogSystem
2020-11-05 17:13:28,104 - Using logger class org.apache.velocity.runtime.log.SimpleLog4JLogSystem
2020-11-05 17:13:28,106 - Default ResourceManager initializing. (class org.apache.velocity.runtime.resource.ResourceManagerImpl)
2020-11-05 17:13:28,108 - Resource Loader Instantiated: org.apache.velocity.runtime.resource.loader.ClasspathResourceLoader
2020-11-05 17:13:28,108 - ClasspathResourceLoader : initialization starting.
2020-11-05 17:13:28,108 - ClasspathResourceLoader : initialization complete.
2020-11-05 17:13:28,108 - ResourceCache : initialized. (class org.apache.velocity.runtime.resource.ResourceCacheImpl)
2020-11-05 17:13:28,108 - Default ResourceManager initialization complete.
2020-11-05 17:13:28,109 - Loaded System Directive: org.apache.velocity.runtime.directive.Literal
2020-11-05 17:13:28,110 - Loaded System Directive: org.apache.velocity.runtime.directive.Macro
2020-11-05 17:13:28,111 - Loaded System Directive: org.apache.velocity.runtime.directive.Parse
2020-11-05 17:13:28,112 - Loaded System Directive: org.apache.velocity.runtime.directive.Include
2020-11-05 17:13:28,113 - Loaded System Directive: org.apache.velocity.runtime.directive.Foreach
2020-11-05 17:13:28,131 - Created: 20 parsers.
2020-11-05 17:13:28,135 - Velocimacro : initialization starting.
2020-11-05 17:13:28,135 - Velocimacro : adding VMs from VM library template : VM_global_library.vm
2020-11-05 17:13:28,137 - ResourceManager : unable to find resource 'VM_global_library.vm' in any resource loader.
2020-11-05 17:13:28,137 - Velocimacro : error using  VM library template VM_global_library.vm : org.apache.velocity.exception.ResourceNotFoundException: Unable to find resource 'VM_global_library.vm'
2020-11-05 17:13:28,137 - Velocimacro :  VM library template macro registration complete.
2020-11-05 17:13:28,137 - Velocimacro : allowInline = true : VMs can be defined inline in templates
2020-11-05 17:13:28,137 - Velocimacro : allowInlineToOverride = false : VMs defined inline may NOT replace previous VM definitions
2020-11-05 17:13:28,137 - Velocimacro : allowInlineLocal = false : VMs defined inline will be  global in scope if allowed.
2020-11-05 17:13:28,137 - Velocimacro : messages on  : VM system will output logging messages
2020-11-05 17:13:28,137 - Velocimacro : autoload off  : VM system will not automatically reload global library macros
2020-11-05 17:13:28,137 - Velocimacro : initialization complete.
2020-11-05 17:13:28,137 - Velocity successfully started.
2020-11-05 17:14:36,131 - SimpleLog4JLogSystem initialized using logfile 'velocity.log'
2020-11-05 17:14:36,131 - ************************************************************** 
2020-11-05 17:14:36,131 - Starting Jakarta Velocity v1.4
2020-11-05 17:14:36,131 - RuntimeInstance initializing.
2020-11-05 17:14:36,131 - Default Properties File: org\apache\velocity\runtime\defaults\velocity.properties
2020-11-05 17:14:36,131 - Trying to use logger class org.apache.velocity.runtime.log.SimpleLog4JLogSystem
2020-11-05 17:14:36,132 - Using logger class org.apache.velocity.runtime.log.SimpleLog4JLogSystem
2020-11-05 17:14:36,133 - Default ResourceManager initializing. (class org.apache.velocity.runtime.resource.ResourceManagerImpl)
2020-11-05 17:14:36,135 - Resource Loader Instantiated: org.apache.velocity.runtime.resource.loader.ClasspathResourceLoader
2020-11-05 17:14:36,135 - ClasspathResourceLoader : initialization starting.
2020-11-05 17:14:36,135 - ClasspathResourceLoader : initialization complete.
2020-11-05 17:14:36,135 - ResourceCache : initialized. (class org.apache.velocity.runtime.resource.ResourceCacheImpl)
2020-11-05 17:14:36,135 - Default ResourceManager initialization complete.
2020-11-05 17:14:36,136 - Loaded System Directive: org.apache.velocity.runtime.directive.Literal
2020-11-05 17:14:36,137 - Loaded System Directive: org.apache.velocity.runtime.directive.Macro
2020-11-05 17:14:36,138 - Loaded System Directive: org.apache.velocity.runtime.directive.Parse
2020-11-05 17:14:36,139 - Loaded System Directive: org.apache.velocity.runtime.directive.Include
2020-11-05 17:14:36,140 - Loaded System Directive: org.apache.velocity.runtime.directive.Foreach
2020-11-05 17:14:36,158 - Created: 20 parsers.
2020-11-05 17:14:36,161 - Velocimacro : initialization starting.
2020-11-05 17:14:36,161 - Velocimacro : adding VMs from VM library template : VM_global_library.vm
2020-11-05 17:14:36,163 - ResourceManager : unable to find resource 'VM_global_library.vm' in any resource loader.
2020-11-05 17:14:36,163 - Velocimacro : error using  VM library template VM_global_library.vm : org.apache.velocity.exception.ResourceNotFoundException: Unable to find resource 'VM_global_library.vm'
2020-11-05 17:14:36,163 - Velocimacro :  VM library template macro registration complete.
2020-11-05 17:14:36,163 - Velocimacro : allowInline = true : VMs can be defined inline in templates
2020-11-05 17:14:36,163 - Velocimacro : allowInlineToOverride = false : VMs defined inline may NOT replace previous VM definitions
2020-11-05 17:14:36,163 - Velocimacro : allowInlineLocal = false : VMs defined inline will be  global in scope if allowed.
2020-11-05 17:14:36,163 - Velocimacro : messages on  : VM system will output logging messages
2020-11-05 17:14:36,163 - Velocimacro : autoload off  : VM system will not automatically reload global library macros
2020-11-05 17:14:36,163 - Velocimacro : initialization complete.
2020-11-05 17:14:36,163 - Velocity successfully started.
2020-11-05 17:17:19,126 - SimpleLog4JLogSystem initialized using logfile 'velocity.log'
2020-11-05 17:17:19,127 - ************************************************************** 
2020-11-05 17:17:19,127 - Starting Jakarta Velocity v1.4
2020-11-05 17:17:19,127 - RuntimeInstance initializing.
2020-11-05 17:17:19,127 - Default Properties File: org\apache\velocity\runtime\defaults\velocity.properties
2020-11-05 17:17:19,127 - Trying to use logger class org.apache.velocity.runtime.log.SimpleLog4JLogSystem
2020-11-05 17:17:19,127 - Using logger class org.apache.velocity.runtime.log.SimpleLog4JLogSystem
2020-11-05 17:17:19,129 - Default ResourceManager initializing. (class org.apache.velocity.runtime.resource.ResourceManagerImpl)
2020-11-05 17:17:19,130 - Resource Loader Instantiated: org.apache.velocity.runtime.resource.loader.ClasspathResourceLoader
2020-11-05 17:17:19,130 - ClasspathResourceLoader : initialization starting.
2020-11-05 17:17:19,130 - ClasspathResourceLoader : initialization complete.
2020-11-05 17:17:19,131 - ResourceCache : initialized. (class org.apache.velocity.runtime.resource.ResourceCacheImpl)
2020-11-05 17:17:19,131 - Default ResourceManager initialization complete.
2020-11-05 17:17:19,132 - Loaded System Directive: org.apache.velocity.runtime.directive.Literal
2020-11-05 17:17:19,132 - Loaded System Directive: org.apache.velocity.runtime.directive.Macro
2020-11-05 17:17:19,133 - Loaded System Directive: org.apache.velocity.runtime.directive.Parse
2020-11-05 17:17:19,134 - Loaded System Directive: org.apache.velocity.runtime.directive.Include
2020-11-05 17:17:19,134 - Loaded System Directive: org.apache.velocity.runtime.directive.Foreach
2020-11-05 17:17:19,152 - Created: 20 parsers.
2020-11-05 17:17:19,155 - Velocimacro : initialization starting.
2020-11-05 17:17:19,155 - Velocimacro : adding VMs from VM library template : VM_global_library.vm
2020-11-05 17:17:19,157 - ResourceManager : unable to find resource 'VM_global_library.vm' in any resource loader.
2020-11-05 17:17:19,157 - Velocimacro : error using  VM library template VM_global_library.vm : org.apache.velocity.exception.ResourceNotFoundException: Unable to find resource 'VM_global_library.vm'
2020-11-05 17:17:19,157 - Velocimacro :  VM library template macro registration complete.
2020-11-05 17:17:19,157 - Velocimacro : allowInline = true : VMs can be defined inline in templates
2020-11-05 17:17:19,157 - Velocimacro : allowInlineToOverride = false : VMs defined inline may NOT replace previous VM definitions
2020-11-05 17:17:19,157 - Velocimacro : allowInlineLocal = false : VMs defined inline will be  global in scope if allowed.
2020-11-05 17:17:19,157 - Velocimacro : messages on  : VM system will output logging messages
2020-11-05 17:17:19,157 - Velocimacro : autoload off  : VM system will not automatically reload global library macros
2020-11-05 17:17:19,157 - Velocimacro : initialization complete.
2020-11-05 17:17:19,158 - Velocity successfully started.
2020-11-05 17:18:37,275 - SimpleLog4JLogSystem initialized using logfile 'velocity.log'
2020-11-05 17:18:37,275 - ************************************************************** 
2020-11-05 17:18:37,275 - Starting Jakarta Velocity v1.4
2020-11-05 17:18:37,275 - RuntimeInstance initializing.
2020-11-05 17:18:37,275 - Default Properties File: org\apache\velocity\runtime\defaults\velocity.properties
2020-11-05 17:18:37,275 - Trying to use logger class org.apache.velocity.runtime.log.SimpleLog4JLogSystem
2020-11-05 17:18:37,275 - Using logger class org.apache.velocity.runtime.log.SimpleLog4JLogSystem
2020-11-05 17:18:37,277 - Default ResourceManager initializing. (class org.apache.velocity.runtime.resource.ResourceManagerImpl)
2020-11-05 17:18:37,278 - Resource Loader Instantiated: org.apache.velocity.runtime.resource.loader.ClasspathResourceLoader
2020-11-05 17:18:37,278 - ClasspathResourceLoader : initialization starting.
2020-11-05 17:18:37,278 - ClasspathResourceLoader : initialization complete.
2020-11-05 17:18:37,279 - ResourceCache : initialized. (class org.apache.velocity.runtime.resource.ResourceCacheImpl)
2020-11-05 17:18:37,279 - Default ResourceManager initialization complete.
2020-11-05 17:18:37,280 - Loaded System Directive: org.apache.velocity.runtime.directive.Literal
2020-11-05 17:18:37,281 - Loaded System Directive: org.apache.velocity.runtime.directive.Macro
2020-11-05 17:18:37,282 - Loaded System Directive: org.apache.velocity.runtime.directive.Parse
2020-11-05 17:18:37,283 - Loaded System Directive: org.apache.velocity.runtime.directive.Include
2020-11-05 17:18:37,283 - Loaded System Directive: org.apache.velocity.runtime.directive.Foreach
2020-11-05 17:18:37,302 - Created: 20 parsers.
2020-11-05 17:18:37,305 - Velocimacro : initialization starting.
2020-11-05 17:18:37,305 - Velocimacro : adding VMs from VM library template : VM_global_library.vm
2020-11-05 17:18:37,307 - ResourceManager : unable to find resource 'VM_global_library.vm' in any resource loader.
2020-11-05 17:18:37,307 - Velocimacro : error using  VM library template VM_global_library.vm : org.apache.velocity.exception.ResourceNotFoundException: Unable to find resource 'VM_global_library.vm'
2020-11-05 17:18:37,307 - Velocimacro :  VM library template macro registration complete.
2020-11-05 17:18:37,307 - Velocimacro : allowInline = true : VMs can be defined inline in templates
2020-11-05 17:18:37,307 - Velocimacro : allowInlineToOverride = false : VMs defined inline may NOT replace previous VM definitions
2020-11-05 17:18:37,307 - Velocimacro : allowInlineLocal = false : VMs defined inline will be  global in scope if allowed.
2020-11-05 17:18:37,307 - Velocimacro : messages on  : VM system will output logging messages
2020-11-05 17:18:37,307 - Velocimacro : autoload off  : VM system will not automatically reload global library macros
2020-11-05 17:18:37,307 - Velocimacro : initialization complete.
2020-11-05 17:18:37,307 - Velocity successfully started.
